<?xml version="1.0" encoding="UTF-8"?>
<!-- Generated by org.testng.reporters.JUnitReportReporter -->
<testsuite hostname="GLMSX52" name="com.crm.qa.testcases.HomePageTest" tests="3" failures="0" timestamp="7 May 2019 14:19:34 GMT" time="98.521" errors="0">
  <testcase name="verifyHomePageTitleTest" time="25.563" classname="com.crm.qa.testcases.HomePageTest"/>
  <testcase name="verifyUserNameTest" time="25.545" classname="com.crm.qa.testcases.HomePageTest"/>
  <testcase name="verifyContactsLinkTest" time="47.413" classname="com.crm.qa.testcases.HomePageTest"/>
</testsuite> <!-- com.crm.qa.testcases.HomePageTest -->
