<?xml version="1.0" encoding="UTF-8"?>
<!-- Generated by org.testng.reporters.JUnitReportReporter -->
<testsuite hostname="GLMSX52" name="com.crm.qa.testcases.LoginPageTest" tests="3" failures="0" timestamp="6 May 2019 16:44:53 GMT" time="49.752" errors="0">
  <testcase name="loginTest" time="20.425" classname="com.crm.qa.testcases.LoginPageTest"/>
  <testcase name="crmLogoImageTest" time="15.548" classname="com.crm.qa.testcases.LoginPageTest"/>
  <testcase name="loginPageTitleTest" time="13.779" classname="com.crm.qa.testcases.LoginPageTest"/>
</testsuite> <!-- com.crm.qa.testcases.LoginPageTest -->
