<?xml version="1.0" encoding="UTF-8"?>
<!-- Generated by org.testng.reporters.JUnitReportReporter -->
<testsuite hostname="GLMSX52" name="com.crm.qa.testcases.ContactsPageTest" tests="3" failures="0" timestamp="6 May 2019 19:39:27 GMT" time="86.920" errors="0">
  <testcase name="validateCreateNewContact" time="26.628" classname="com.crm.qa.testcases.ContactsPageTest"/>
  <testcase name="validateCreateNewContact" time="26.661" classname="com.crm.qa.testcases.ContactsPageTest"/>
  <testcase name="validateCreateNewContact" time="33.631" classname="com.crm.qa.testcases.ContactsPageTest"/>
</testsuite> <!-- com.crm.qa.testcases.ContactsPageTest -->
