<?xml version="1.0" encoding="UTF-8"?>
<!-- Generated by org.testng.reporters.JUnitReportReporter -->
<testsuite hostname="GLMSX52" name="com.crm.qa.testcases.LoginPageTest" tests="3" failures="0" timestamp="7 May 2019 15:02:05 GMT" time="78.844" errors="0">
  <testcase name="loginTest" time="26.705" classname="com.crm.qa.testcases.LoginPageTest"/>
  <testcase name="loginPageTitleTest" time="21.077" classname="com.crm.qa.testcases.LoginPageTest"/>
  <testcase name="crmLogoImageTest" time="31.062" classname="com.crm.qa.testcases.LoginPageTest"/>
</testsuite> <!-- com.crm.qa.testcases.LoginPageTest -->
