<?xml version="1.0" encoding="UTF-8"?>
<!-- Generated by org.testng.reporters.JUnitReportReporter -->
<testsuite hostname="GLMSX52" name="com.crm.qa.testcases.HomePageTest" tests="3" failures="0" timestamp="7 May 2019 15:02:05 GMT" time="103.568" errors="0">
  <testcase name="verifyHomePageTitleTest" time="37.794" classname="com.crm.qa.testcases.HomePageTest"/>
  <testcase name="verifyUserNameTest" time="36.950" classname="com.crm.qa.testcases.HomePageTest"/>
  <testcase name="verifyContactsLinkTest" time="28.824" classname="com.crm.qa.testcases.HomePageTest"/>
</testsuite> <!-- com.crm.qa.testcases.HomePageTest -->
